2020-07-15 22:39:22,791 - (main):		Starting
2020-07-15 22:39:22,791 - (request_from_api):		Starting
2020-07-15 22:39:22,791 - (request_from_api):		Requesting page 1
2020-07-15 22:39:23,786 - (request_from_api):		<Response [200]>
2020-07-15 22:39:23,826 - (request_from_api):		Requesting page 2
2020-07-15 22:39:24,444 - (request_from_api):		<Response [200]>
2020-07-15 22:39:24,458 - (request_from_api):		Requesting page 3
2020-07-15 22:39:25,404 - (request_from_api):		<Response [200]>
2020-07-15 22:39:25,417 - (request_from_api):		Requesting page 4
2020-07-15 22:39:26,035 - (request_from_api):		<Response [200]>
2020-07-15 22:39:26,048 - (request_from_api):		Requesting page 5
2020-07-15 22:39:26,937 - (request_from_api):		<Response [200]>
2020-07-15 22:39:26,951 - (request_from_api):		Requesting page 6
2020-07-15 22:39:27,802 - (request_from_api):		<Response [200]>
2020-07-15 22:39:27,815 - (request_from_api):		Requesting page 7
2020-07-15 22:39:28,712 - (request_from_api):		<Response [200]>
2020-07-15 22:39:28,725 - (request_from_api):		Requesting page 8
2020-07-15 22:39:29,721 - (request_from_api):		<Response [200]>
2020-07-15 22:39:29,735 - (request_from_api):		Requesting page 9
2020-07-15 22:39:30,541 - (request_from_api):		<Response [200]>
2020-07-15 22:39:30,556 - (request_from_api):		Requesting page 10
2020-07-15 22:39:31,774 - (request_from_api):		<Response [200]>
2020-07-15 22:39:31,817 - (request_from_api):		Requesting page 11
2020-07-15 22:39:32,593 - (request_from_api):		<Response [200]>
2020-07-15 22:39:32,637 - (request_from_api):		Requesting page 12
2020-07-15 22:39:33,305 - (request_from_api):		<Response [200]>
2020-07-15 22:39:33,346 - (request_from_api):		Requesting page 13
2020-07-15 22:39:34,274 - (request_from_api):		<Response [200]>
2020-07-15 22:39:34,290 - (request_from_api):		Requesting page 14
2020-07-15 22:39:34,906 - (request_from_api):		<Response [200]>
2020-07-15 22:39:34,923 - (request_from_api):		Requesting page 15
2020-07-15 22:39:35,861 - (request_from_api):		<Response [200]>
2020-07-15 22:39:35,879 - (request_from_api):		Requesting page 16
2020-07-15 22:39:36,685 - (request_from_api):		<Response [200]>
2020-07-15 22:39:36,703 - (request_from_api):		Requesting page 17
2020-07-15 22:39:36,989 - (request_from_api):		<Response [429]>
2020-07-15 22:39:36,990 - (request_from_api):		Requesting page 17
2020-07-15 22:39:37,692 - (request_from_api):		<Response [200]>
2020-07-15 22:39:37,710 - (request_from_api):		Requesting page 18
2020-07-15 22:39:38,323 - (request_from_api):		<Response [200]>
2020-07-15 22:39:38,341 - (request_from_api):		Requesting page 19
2020-07-15 22:39:39,347 - (request_from_api):		<Response [200]>
2020-07-15 22:39:39,366 - (request_from_api):		Requesting page 20
2020-07-15 22:39:40,167 - (request_from_api):		<Response [200]>
2020-07-15 22:39:40,188 - (request_from_api):		Requesting page 21
2020-07-15 22:39:40,778 - (request_from_api):		<Response [429]>
2020-07-15 22:39:40,778 - (request_from_api):		Requesting page 21
2020-07-15 22:39:41,788 - (request_from_api):		<Response [200]>
2020-07-15 22:39:41,807 - (request_from_api):		Requesting page 22
2020-07-15 22:39:42,724 - (request_from_api):		<Response [200]>
2020-07-15 22:39:42,745 - (request_from_api):		Requesting page 23
2020-07-15 22:39:43,031 - (request_from_api):		<Response [429]>
2020-07-15 22:39:43,032 - (request_from_api):		Requesting page 23
2020-07-15 22:39:44,058 - (request_from_api):		<Response [200]>
2020-07-15 22:39:44,079 - (request_from_api):		Requesting page 24
2020-07-15 22:39:45,082 - (request_from_api):		<Response [200]>
2020-07-15 22:39:45,104 - (request_from_api):		Requesting page 25
2020-07-15 22:39:45,386 - (request_from_api):		<Response [429]>
2020-07-15 22:39:45,386 - (request_from_api):		Requesting page 25
2020-07-15 22:39:46,102 - (request_from_api):		<Response [429]>
2020-07-15 22:39:46,103 - (request_from_api):		Requesting page 25
2020-07-15 22:39:46,717 - (request_from_api):		<Response [429]>
2020-07-15 22:39:46,718 - (request_from_api):		Requesting page 25
2020-07-15 22:39:47,024 - (request_from_api):		<Response [429]>
2020-07-15 22:39:47,025 - (request_from_api):		Requesting page 25
2020-07-15 22:39:47,332 - (request_from_api):		<Response [429]>
2020-07-15 22:39:47,333 - (request_from_api):		Requesting page 25
2020-07-15 22:39:47,639 - (request_from_api):		<Response [429]>
2020-07-15 22:39:47,639 - (request_from_api):		Requesting page 25
2020-07-15 22:39:47,946 - (request_from_api):		<Response [429]>
2020-07-15 22:39:47,947 - (request_from_api):		Requesting page 25
2020-07-15 22:39:48,256 - (request_from_api):		<Response [429]>
2020-07-15 22:39:48,256 - (request_from_api):		Requesting page 25
2020-07-15 22:39:48,560 - (request_from_api):		<Response [429]>
2020-07-15 22:39:48,561 - (request_from_api):		Requesting page 25
2020-07-15 22:39:48,780 - (request_from_api):		<Response [429]>
2020-07-15 22:39:48,781 - (request_from_api):		Requesting page 25
2020-07-15 22:39:49,071 - (request_from_api):		<Response [429]>
2020-07-15 22:39:49,073 - (request_from_api):		Requesting page 25
2020-07-15 22:39:49,687 - (request_from_api):		<Response [429]>
2020-07-15 22:39:49,688 - (request_from_api):		Requesting page 25
2020-07-15 22:39:49,917 - (request_from_api):		<Response [429]>
2020-07-15 22:39:49,918 - (request_from_api):		Requesting page 25
2020-07-15 22:39:50,198 - (request_from_api):		<Response [429]>
2020-07-15 22:39:50,199 - (request_from_api):		Requesting page 25
2020-07-15 22:39:50,502 - (request_from_api):		<Response [429]>
2020-07-15 22:39:50,503 - (request_from_api):		Requesting page 25
2020-07-15 22:39:50,703 - (request_from_api):		<Response [429]>
2020-07-15 22:39:50,704 - (request_from_api):		Requesting page 25
2020-07-15 22:39:51,018 - (request_from_api):		<Response [429]>
2020-07-15 22:39:51,019 - (request_from_api):		Requesting page 25
2020-07-15 22:39:51,325 - (request_from_api):		<Response [429]>
2020-07-15 22:39:51,326 - (request_from_api):		Requesting page 25
2020-07-15 22:39:51,632 - (request_from_api):		<Response [429]>
2020-07-15 22:39:51,633 - (request_from_api):		Requesting page 25
2020-07-15 22:39:51,939 - (request_from_api):		<Response [429]>
2020-07-15 22:39:51,940 - (request_from_api):		Requesting page 25
2020-07-15 22:39:52,246 - (request_from_api):		<Response [429]>
2020-07-15 22:39:52,247 - (request_from_api):		Requesting page 25
2020-07-15 22:39:52,553 - (request_from_api):		<Response [429]>
2020-07-15 22:39:52,554 - (request_from_api):		Requesting page 25
2020-07-15 22:39:53,065 - (request_from_api):		<Response [429]>
2020-07-15 22:39:53,066 - (request_from_api):		Requesting page 25
2020-07-15 22:39:53,272 - (request_from_api):		<Response [429]>
2020-07-15 22:39:53,273 - (request_from_api):		Requesting page 25
2020-07-15 22:39:53,579 - (request_from_api):		<Response [429]>
2020-07-15 22:39:53,579 - (request_from_api):		Requesting page 25
2020-07-15 22:39:53,884 - (request_from_api):		<Response [429]>
2020-07-15 22:39:53,885 - (request_from_api):		Requesting page 25
2020-07-15 22:39:54,191 - (request_from_api):		<Response [429]>
2020-07-15 22:39:54,192 - (request_from_api):		Requesting page 25
2020-07-15 22:39:54,496 - (request_from_api):		<Response [429]>
2020-07-15 22:39:54,496 - (request_from_api):		Requesting page 25
2020-07-15 22:39:54,698 - (request_from_api):		<Response [429]>
2020-07-15 22:39:54,699 - (request_from_api):		Requesting page 25
2020-07-15 22:39:55,318 - (request_from_api):		<Response [429]>
2020-07-15 22:39:55,319 - (request_from_api):		Requesting page 25
2020-07-15 22:39:55,625 - (request_from_api):		<Response [429]>
2020-07-15 22:39:55,626 - (request_from_api):		Requesting page 25
2020-07-15 22:39:55,932 - (request_from_api):		<Response [429]>
2020-07-15 22:39:55,933 - (request_from_api):		Requesting page 25
2020-07-15 22:39:56,239 - (request_from_api):		<Response [429]>
2020-07-15 22:39:56,240 - (request_from_api):		Requesting page 25
2020-07-15 22:39:56,544 - (request_from_api):		<Response [429]>
2020-07-15 22:39:56,545 - (request_from_api):		Requesting page 25
2020-07-15 22:39:56,853 - (request_from_api):		<Response [429]>
2020-07-15 22:39:56,854 - (request_from_api):		Requesting page 25
2020-07-15 22:39:57,161 - (request_from_api):		<Response [429]>
2020-07-15 22:39:57,162 - (request_from_api):		Requesting page 25
2020-07-15 22:39:57,469 - (request_from_api):		<Response [429]>
2020-07-15 22:39:57,470 - (request_from_api):		Requesting page 25
2020-07-15 22:39:58,183 - (request_from_api):		<Response [429]>
2020-07-15 22:39:58,183 - (request_from_api):		Requesting page 25
2020-07-15 22:39:58,492 - (request_from_api):		<Response [429]>
2020-07-15 22:39:58,493 - (request_from_api):		Requesting page 25
2020-07-15 22:39:58,804 - (request_from_api):		<Response [429]>
2020-07-15 22:39:58,806 - (request_from_api):		Requesting page 25
2020-07-15 22:39:59,414 - (request_from_api):		<Response [429]>
2020-07-15 22:39:59,415 - (request_from_api):		Requesting page 25
2020-07-15 22:39:59,721 - (request_from_api):		<Response [429]>
2020-07-15 22:39:59,722 - (request_from_api):		Requesting page 25
2020-07-15 22:40:00,028 - (request_from_api):		<Response [429]>
2020-07-15 22:40:00,029 - (request_from_api):		Requesting page 25
2020-07-15 22:40:00,336 - (request_from_api):		<Response [429]>
2020-07-15 22:40:00,337 - (request_from_api):		Requesting page 25
2020-07-15 22:40:00,639 - (request_from_api):		<Response [429]>
2020-07-15 22:40:00,639 - (request_from_api):		Requesting page 25
2020-07-15 22:40:00,950 - (request_from_api):		<Response [429]>
2020-07-15 22:40:00,950 - (request_from_api):		Requesting page 25
2020-07-15 22:40:01,155 - (request_from_api):		<Response [429]>
2020-07-15 22:40:01,156 - (request_from_api):		Requesting page 25
2020-07-15 22:40:01,872 - (request_from_api):		<Response [429]>
2020-07-15 22:40:01,872 - (request_from_api):		Requesting page 25
2020-07-15 22:40:02,178 - (request_from_api):		<Response [429]>
2020-07-15 22:40:02,179 - (request_from_api):		Requesting page 25
2020-07-15 22:40:02,483 - (request_from_api):		<Response [429]>
2020-07-15 22:40:02,483 - (request_from_api):		Requesting page 25
2020-07-15 22:40:02,701 - (request_from_api):		<Response [429]>
2020-07-15 22:40:02,701 - (request_from_api):		Requesting page 25
2020-07-15 22:40:02,998 - (request_from_api):		<Response [429]>
2020-07-15 22:40:02,998 - (request_from_api):		Requesting page 25
2020-07-15 22:40:03,310 - (request_from_api):		<Response [429]>
2020-07-15 22:40:03,311 - (request_from_api):		Requesting page 25
2020-07-15 22:40:03,609 - (request_from_api):		<Response [429]>
2020-07-15 22:40:03,609 - (request_from_api):		Requesting page 25
2020-07-15 22:40:03,919 - (request_from_api):		<Response [429]>
2020-07-15 22:40:03,920 - (request_from_api):		Requesting page 25
2020-07-15 22:40:04,226 - (request_from_api):		<Response [429]>
2020-07-15 22:40:04,227 - (request_from_api):		Requesting page 25
2020-07-15 22:40:04,534 - (request_from_api):		<Response [429]>
2020-07-15 22:40:04,534 - (request_from_api):		Requesting page 25
2020-07-15 22:40:05,148 - (request_from_api):		<Response [429]>
2020-07-15 22:40:05,149 - (request_from_api):		Requesting page 25
2020-07-15 22:40:05,638 - (request_from_api):		<Response [429]>
2020-07-15 22:40:05,639 - (request_from_api):		Requesting page 25
2020-07-15 22:40:05,967 - (request_from_api):		<Response [429]>
2020-07-15 22:40:05,968 - (request_from_api):		Requesting page 25
2020-07-15 22:40:06,274 - (request_from_api):		<Response [429]>
2020-07-15 22:40:06,276 - (request_from_api):		Requesting page 25
2020-07-15 22:40:06,581 - (request_from_api):		<Response [429]>
2020-07-15 22:40:06,582 - (request_from_api):		Requesting page 25
2020-07-15 22:40:06,889 - (request_from_api):		<Response [429]>
2020-07-15 22:40:06,890 - (request_from_api):		Requesting page 25
2020-07-15 22:40:07,196 - (request_from_api):		<Response [429]>
2020-07-15 22:40:07,197 - (request_from_api):		Requesting page 25
2020-07-15 22:40:07,826 - (request_from_api):		<Response [429]>
2020-07-15 22:40:07,827 - (request_from_api):		Requesting page 25
2020-07-15 22:40:08,118 - (request_from_api):		<Response [429]>
2020-07-15 22:40:08,119 - (request_from_api):		Requesting page 25
2020-07-15 22:40:08,409 - (request_from_api):		<Response [429]>
2020-07-15 22:40:08,410 - (request_from_api):		Requesting page 25
2020-07-15 22:40:08,731 - (request_from_api):		<Response [429]>
2020-07-15 22:40:08,733 - (request_from_api):		Requesting page 25
2020-07-15 22:40:09,044 - (request_from_api):		<Response [429]>
2020-07-15 22:40:09,045 - (request_from_api):		Requesting page 25
2020-07-15 22:40:09,348 - (request_from_api):		<Response [429]>
2020-07-15 22:40:09,349 - (request_from_api):		Requesting page 25
2020-07-15 22:40:09,653 - (request_from_api):		<Response [429]>
2020-07-15 22:40:09,654 - (request_from_api):		Requesting page 25
2020-07-15 22:40:09,878 - (request_from_api):		<Response [429]>
2020-07-15 22:40:09,879 - (request_from_api):		Requesting page 25
2020-07-15 22:40:10,457 - (request_from_api):		<Response [429]>
2020-07-15 22:40:10,458 - (request_from_api):		Requesting page 25
2020-07-15 22:40:10,779 - (request_from_api):		<Response [429]>
2020-07-15 22:40:10,781 - (request_from_api):		Requesting page 25
2020-07-15 22:40:11,087 - (request_from_api):		<Response [429]>
2020-07-15 22:40:11,088 - (request_from_api):		Requesting page 25
2020-07-15 22:40:11,397 - (request_from_api):		<Response [429]>
2020-07-15 22:40:11,398 - (request_from_api):		Requesting page 25
2020-07-15 22:40:11,702 - (request_from_api):		<Response [429]>
2020-07-15 22:40:11,703 - (request_from_api):		Requesting page 25
2020-07-15 22:40:11,964 - (request_from_api):		<Response [429]>
2020-07-15 22:40:11,965 - (request_from_api):		Requesting page 25
2020-07-15 22:40:12,213 - (request_from_api):		<Response [429]>
2020-07-15 22:40:12,214 - (request_from_api):		Requesting page 25
2020-07-15 22:40:12,438 - (request_from_api):		<Response [429]>
2020-07-15 22:40:12,439 - (request_from_api):		Requesting page 25
2020-07-15 22:40:12,725 - (request_from_api):		<Response [429]>
2020-07-15 22:40:12,726 - (request_from_api):		Requesting page 25
2020-07-15 22:40:13,032 - (request_from_api):		<Response [429]>
2020-07-15 22:40:13,033 - (request_from_api):		Requesting page 25
2020-07-15 22:40:13,345 - (request_from_api):		<Response [429]>
2020-07-15 22:40:13,346 - (request_from_api):		Requesting page 25
2020-07-15 22:40:13,647 - (request_from_api):		<Response [429]>
2020-07-15 22:40:13,648 - (request_from_api):		Requesting page 25
2020-07-15 22:40:13,950 - (request_from_api):		<Response [429]>
2020-07-15 22:40:13,951 - (request_from_api):		Requesting page 25
2020-07-15 22:40:14,153 - (request_from_api):		<Response [429]>
2020-07-15 22:40:14,154 - (request_from_api):		Requesting page 25
2020-07-15 22:40:14,466 - (request_from_api):		<Response [429]>
2020-07-15 22:40:14,467 - (request_from_api):		Requesting page 25
2020-07-15 22:40:14,773 - (request_from_api):		<Response [429]>
2020-07-15 22:40:14,774 - (request_from_api):		Requesting page 25
2020-07-15 22:40:15,080 - (request_from_api):		<Response [429]>
2020-07-15 22:40:15,081 - (request_from_api):		Requesting page 25
2020-07-15 22:40:15,387 - (request_from_api):		<Response [429]>
2020-07-15 22:40:15,389 - (request_from_api):		Requesting page 25
2020-07-15 22:40:15,695 - (request_from_api):		<Response [429]>
2020-07-15 22:40:15,696 - (request_from_api):		Requesting page 25
2020-07-15 22:40:16,007 - (request_from_api):		<Response [429]>
2020-07-15 22:40:16,009 - (request_from_api):		Requesting page 25
2020-07-15 22:40:16,307 - (request_from_api):		<Response [429]>
2020-07-15 22:40:16,308 - (request_from_api):		Requesting page 25
2020-07-15 22:40:16,617 - (request_from_api):		<Response [429]>
2020-07-15 22:40:16,618 - (request_from_api):		Requesting page 25
2020-07-15 22:40:16,923 - (request_from_api):		<Response [429]>
2020-07-15 22:40:16,924 - (request_from_api):		Requesting page 25
2020-07-15 22:40:17,230 - (request_from_api):		<Response [429]>
2020-07-15 22:40:17,231 - (request_from_api):		Requesting page 25
2020-07-15 22:40:17,538 - (request_from_api):		<Response [429]>
2020-07-15 22:40:17,539 - (request_from_api):		Requesting page 25
2020-07-15 22:40:17,773 - (request_from_api):		<Response [429]>
2020-07-15 22:40:17,774 - (request_from_api):		Requesting page 25
2020-07-15 22:40:18,049 - (request_from_api):		<Response [429]>
2020-07-15 22:40:18,050 - (request_from_api):		Requesting page 25
2020-07-15 22:40:18,278 - (request_from_api):		<Response [429]>
2020-07-15 22:40:18,279 - (request_from_api):		Requesting page 25
2020-07-15 22:40:18,507 - (request_from_api):		<Response [429]>
2020-07-15 22:40:18,509 - (request_from_api):		Requesting page 25
2020-07-15 22:40:18,766 - (request_from_api):		<Response [429]>
2020-07-15 22:40:18,767 - (request_from_api):		Requesting page 25
2020-07-15 22:40:19,079 - (request_from_api):		<Response [429]>
2020-07-15 22:40:19,080 - (request_from_api):		Requesting page 25
2020-07-15 22:40:19,381 - (request_from_api):		<Response [429]>
2020-07-15 22:40:19,382 - (request_from_api):		Requesting page 25
2020-07-15 22:40:19,688 - (request_from_api):		<Response [429]>
2020-07-15 22:40:19,690 - (request_from_api):		Requesting page 25
2020-07-15 22:40:19,995 - (request_from_api):		<Response [429]>
2020-07-15 22:40:19,996 - (request_from_api):		Requesting page 25
2020-07-15 22:40:20,300 - (request_from_api):		<Response [429]>
2020-07-15 22:40:20,300 - (request_from_api):		Requesting page 25
2020-07-15 22:40:20,610 - (request_from_api):		<Response [429]>
2020-07-15 22:40:20,611 - (request_from_api):		Requesting page 25
2020-07-15 22:40:20,917 - (request_from_api):		<Response [429]>
2020-07-15 22:40:20,918 - (request_from_api):		Requesting page 25
2020-07-15 22:40:21,137 - (request_from_api):		<Response [429]>
2020-07-15 22:40:21,138 - (request_from_api):		Requesting page 25
2020-07-15 22:40:21,339 - (request_from_api):		<Response [429]>
2020-07-15 22:40:21,340 - (request_from_api):		Requesting page 25
2020-07-15 22:40:21,634 - (request_from_api):		<Response [429]>
2020-07-15 22:40:21,635 - (request_from_api):		Requesting page 25
2020-07-15 22:40:21,946 - (request_from_api):		<Response [429]>
2020-07-15 22:40:21,946 - (request_from_api):		Requesting page 25
2020-07-15 22:40:22,248 - (request_from_api):		<Response [429]>
2020-07-15 22:40:22,249 - (request_from_api):		Requesting page 25
2020-07-15 22:40:22,555 - (request_from_api):		<Response [429]>
2020-07-15 22:40:22,556 - (request_from_api):		Requesting page 25
2020-07-15 22:40:22,799 - (request_from_api):		<Response [429]>
2020-07-15 22:40:22,800 - (request_from_api):		Requesting page 25
2020-07-15 22:40:23,067 - (request_from_api):		<Response [429]>
2020-07-15 22:40:23,067 - (request_from_api):		Requesting page 25
2020-07-15 22:40:23,374 - (request_from_api):		<Response [429]>
2020-07-15 22:40:23,376 - (request_from_api):		Requesting page 25
2020-07-15 22:40:24,192 - (request_from_api):		<Response [200]>
2020-07-15 22:40:24,214 - (request_from_api):		Requesting page 26
2020-07-15 22:40:24,502 - (request_from_api):		<Response [429]>
2020-07-15 22:40:24,502 - (request_from_api):		Requesting page 26
2020-07-15 22:40:24,808 - (request_from_api):		<Response [429]>
2020-07-15 22:40:24,808 - (request_from_api):		Requesting page 26
2020-07-15 22:40:25,115 - (request_from_api):		<Response [429]>
2020-07-15 22:40:25,116 - (request_from_api):		Requesting page 26
2020-07-15 22:40:25,835 - (request_from_api):		<Response [200]>
2020-07-15 22:40:25,858 - (request_from_api):		Requesting page 27
2020-07-15 22:40:26,140 - (request_from_api):		<Response [429]>
2020-07-15 22:40:26,140 - (request_from_api):		Requesting page 27
2020-07-15 22:40:26,859 - (request_from_api):		<Response [200]>
2020-07-15 22:40:26,882 - (request_from_api):		Finishing
2020-07-15 22:40:26,882 - (dataprep):		Starting
2020-07-15 22:40:27,076 - (dataprep):		Finishing
2020-07-15 22:40:27,077 - (save_data):		Starting
2020-07-15 22:40:27,229 - (save_data):		Shape Database Cidades: (410, 3)
2020-07-15 22:40:27,233 - (save_data):		Shape Database Ultimos casos: (410, 11)
2020-07-15 22:40:27,233 - (save_data):		Finishing
2020-07-15 22:40:27,234 - (main):		Finishing
